# JRE version: Java(TM) SE Runtime Environment (8.0_101-b13) (build 1.8.0_101-b13)
# Java VM: Java HotSpot(TM) 64-Bit Server VM (25.101-b13 mixed mode bsd-amd64 compressed oops)
Heap:
 PSYoungGen      total 19456K, used 10893K [0x00000007aab00000, 0x00000007ac100000, 0x00000007c0000000)
  eden space 16384K, 53% used [0x00000007aab00000,0x00000007ab3936c8,0x00000007abb00000)
  from space 3072K, 68% used [0x00000007abe00000,0x00000007ac010020,0x00000007ac100000)
  to   space 3072K, 0% used [0x00000007abb00000,0x00000007abb00000,0x00000007abe00000)
 ParOldGen       total 44032K, used 451K [0x0000000780000000, 0x0000000782b00000, 0x00000007aab00000)
  object space 44032K, 1% used [0x0000000780000000,0x0000000780070c40,0x0000000782b00000)
 Metaspace       used 7463K, capacity 7622K, committed 7808K, reserved 1056768K
  class space    used 737K, capacity 794K, committed 896K, reserved 1048576K
GC Heap History (10 events):
Event: 31.817 GC heap before
{Heap before GC invocations=2 (full 0):
 PSYoungGen      total 18944K, used 18928K [0x00000007aab00000, 0x00000007ac000000, 0x00000007c0000000)
  eden space 16384K, 100% used [0x00000007aab00000,0x00000007abb00000,0x00000007abb00000)
  from space 2560K, 99% used [0x00000007abb00000,0x00000007abd7c3d0,0x00000007abd80000)
  to   space 2560K, 0% used [0x00000007abd80000,0x00000007abd80000,0x00000007ac000000)
 ParOldGen       total 44032K, used 427K [0x0000000780000000, 0x0000000782b00000, 0x00000007aab00000)
  object space 44032K, 0% used [0x0000000780000000,0x000000078006ac40,0x0000000782b00000)
 Metaspace       used 7434K, capacity 7558K, committed 7808K, reserved 1056768K
  class space    used 736K, capacity 794K, committed 896K, reserved 1048576K
Event: 31.830 GC heap after
Heap after GC invocations=2 (full 0):
 PSYoungGen      total 18944K, used 2130K [0x00000007aab00000, 0x00000007ac000000, 0x00000007c0000000)
  eden space 16384K, 0% used [0x00000007aab00000,0x00000007aab00000,0x00000007abb00000)
  from space 2560K, 83% used [0x00000007abd80000,0x00000007abf948f0,0x00000007ac000000)
  to   space 2560K, 0% used [0x00000007abb00000,0x00000007abb00000,0x00000007abd80000)
 ParOldGen       total 44032K, used 435K [0x0000000780000000, 0x0000000782b00000, 0x00000007aab00000)
  object space 44032K, 0% used [0x0000000780000000,0x000000078006cc40,0x0000000782b00000)
 Metaspace       used 7434K, capacity 7558K, committed 7808K, reserved 1056768K
  class space    used 736K, capacity 794K, committed 896K, reserved 1048576K
}
Event: 41.634 GC heap before
{Heap before GC invocations=3 (full 0):
 PSYoungGen      total 18944K, used 18514K [0x00000007aab00000, 0x00000007ac000000, 0x00000007c0000000)
  eden space 16384K, 100% used [0x00000007aab00000,0x00000007abb00000,0x00000007abb00000)
  from space 2560K, 83% used [0x00000007abd80000,0x00000007abf948f0,0x00000007ac000000)
  to   space 2560K, 0% used [0x00000007abb00000,0x00000007abb00000,0x00000007abd80000)
 ParOldGen       total 44032K, used 435K [0x0000000780000000, 0x0000000782b00000, 0x00000007aab00000)
  object space 44032K, 0% used [0x0000000780000000,0x000000078006cc40,0x0000000782b00000)
 Metaspace       used 7447K, capacity 7558K, committed 7808K, reserved 1056768K
  class space    used 736K, capacity 794K, committed 896K, reserved 1048576K
Event: 41.643 GC heap after
Heap after GC invocations=3 (full 0):
 PSYoungGen      total 18944K, used 2048K [0x00000007aab00000, 0x00000007ac000000, 0x00000007c0000000)
  eden space 16384K, 0% used [0x00000007aab00000,0x00000007aab00000,0x00000007abb00000)
  from space 2560K, 80% used [0x00000007abb00000,0x00000007abd00000,0x00000007abd80000)
  to   space 2560K, 0% used [0x00000007abd80000,0x00000007abd80000,0x00000007ac000000)
 ParOldGen       total 44032K, used 443K [0x0000000780000000, 0x0000000782b00000, 0x00000007aab00000)
  object space 44032K, 1% used [0x0000000780000000,0x000000078006ec40,0x0000000782b00000)
 Metaspace       used 7447K, capacity 7558K, committed 7808K, reserved 1056768K
  class space    used 736K, capacity 794K, committed 896K, reserved 1048576K
}
Event: 47.677 GC heap before
{Heap before GC invocations=4 (full 0):
 PSYoungGen      total 18944K, used 18432K [0x00000007aab00000, 0x00000007ac000000, 0x00000007c0000000)
  eden space 16384K, 100% used [0x00000007aab00000,0x00000007abb00000,0x00000007abb00000)
  from space 2560K, 80% used [0x00000007abb00000,0x00000007abd00000,0x00000007abd80000)
  to   space 2560K, 0% used [0x00000007abd80000,0x00000007abd80000,0x00000007ac000000)
 ParOldGen       total 44032K, used 443K [0x0000000780000000, 0x0000000782b00000, 0x00000007aab00000)
  object space 44032K, 1% used [0x0000000780000000,0x000000078006ec40,0x0000000782b00000)
 Metaspace       used 7453K, capacity 7622K, committed 7808K, reserved 1056768K
  class space    used 736K, capacity 794K, committed 896K, reserved 1048576K
Event: 47.685 GC heap after
Heap after GC invocations=4 (full 0):
 PSYoungGen      total 18944K, used 2096K [0x00000007aab00000, 0x00000007ac000000, 0x00000007c0000000)
  eden space 16384K, 0% used [0x00000007aab00000,0x00000007aab00000,0x00000007abb00000)
  from space 2560K, 81% used [0x00000007abd80000,0x00000007abf8c010,0x00000007ac000000)
  to   space 2560K, 0% used [0x00000007abb00000,0x00000007abb00000,0x00000007abd80000)
 ParOldGen       total 44032K, used 451K [0x0000000780000000, 0x0000000782b00000, 0x00000007aab00000)
  object space 44032K, 1% used [0x0000000780000000,0x0000000780070c40,0x0000000782b00000)
 Metaspace       used 7453K, capacity 7622K, committed 7808K, reserved 1056768K
  class space    used 736K, capacity 794K, committed 896K, reserved 1048576K
}
Event: 51.449 GC heap before
{Heap before GC invocations=5 (full 0):
 PSYoungGen      total 18944K, used 18480K [0x00000007aab00000, 0x00000007ac000000, 0x00000007c0000000)
  eden space 16384K, 100% used [0x00000007aab00000,0x00000007abb00000,0x00000007abb00000)
  from space 2560K, 81% used [0x00000007abd80000,0x00000007abf8c010,0x00000007ac000000)
  to   space 2560K, 0% used [0x00000007abb00000,0x00000007abb00000,0x00000007abd80000)
 ParOldGen       total 44032K, used 451K [0x0000000780000000, 0x0000000782b00000, 0x00000007aab00000)
  object space 44032K, 1% used [0x0000000780000000,0x0000000780070c40,0x0000000782b00000)
 Metaspace       used 7457K, capacity 7622K, committed 7808K, reserved 1056768K
  class space    used 737K, capacity 794K, committed 896K, reserved 1048576K
Event: 51.459 GC heap after
Heap after GC invocations=5 (full 0):
 PSYoungGen      total 18944K, used 2096K [0x00000007aab00000, 0x00000007ac100000, 0x00000007c0000000)
  eden space 16384K, 0% used [0x00000007aab00000,0x00000007aab00000,0x00000007abb00000)
  from space 2560K, 81% used [0x00000007abb00000,0x00000007abd0c010,0x00000007abd80000)
  to   space 3072K, 0% used [0x00000007abe00000,0x00000007abe00000,0x00000007ac100000)
 ParOldGen       total 44032K, used 451K [0x0000000780000000, 0x0000000782b00000, 0x00000007aab00000)
  object space 44032K, 1% used [0x0000000780000000,0x0000000780070c40,0x0000000782b00000)
 Metaspace       used 7457K, capacity 7622K, committed 7808K, reserved 1056768K
  class space    used 737K, capacity 794K, committed 896K, reserved 1048576K
}
Event: 55.190 GC heap before
{Heap before GC invocations=6 (full 0):
 PSYoungGen      total 18944K, used 18480K [0x00000007aab00000, 0x00000007ac100000, 0x00000007c0000000)
  eden space 16384K, 100% used [0x00000007aab00000,0x00000007abb00000,0x00000007abb00000)
  from space 2560K, 81% used [0x00000007abb00000,0x00000007abd0c010,0x00000007abd80000)
  to   space 3072K, 0% used [0x00000007abe00000,0x00000007abe00000,0x00000007ac100000)
 ParOldGen       total 44032K, used 451K [0x0000000780000000, 0x0000000782b00000, 0x00000007aab00000)
  object space 44032K, 1% used [0x0000000780000000,0x0000000780070c40,0x0000000782b00000)
 Metaspace       used 7462K, capacity 7622K, committed 7808K, reserved 1056768K
  class space    used 737K, capacity 794K, committed 896K, reserved 1048576K
Event: 55.201 GC heap after
Heap after GC invocations=6 (full 0):
 PSYoungGen      total 19456K, used 2112K [0x00000007aab00000, 0x00000007ac100000, 0x00000007c0000000)
  eden space 16384K, 0% used [0x00000007aab00000,0x00000007aab00000,0x00000007abb00000)
  from space 3072K, 68% used [0x00000007abe00000,0x00000007ac010020,0x00000007ac100000)
  to   space 3072K, 0% used [0x00000007abb00000,0x00000007abb00000,0x00000007abe00000)
 ParOldGen       total 44032K, used 451K [0x0000000780000000, 0x0000000782b00000, 0x00000007aab00000)
  object space 44032K, 1% used [0x0000000780000000,0x0000000780070c40,0x0000000782b00000)
 Metaspace       used 7462K, capacity 7622K, committed 7808K, reserved 1056768K
  class space    used 737K, capacity 794K, committed 896K, reserved 1048576K
}

