# JRE version: Java(TM) SE Runtime Environment (8.0_101-b13) (build 1.8.0_101-b13)
# Java VM: Java HotSpot(TM) 64-Bit Server VM (25.101-b13 mixed mode bsd-amd64 compressed oops)
Heap:
 PSYoungGen      total 19968K, used 15503K [0x00000007aab00000, 0x00000007ac300000, 0x00000007c0000000)
  eden space 16384K, 94% used [0x00000007aab00000,0x00000007aba1bde0,0x00000007abb00000)
  from space 3584K, 0% used [0x00000007abb00000,0x00000007abb08000,0x00000007abe80000)
  to   space 4096K, 0% used [0x00000007abf00000,0x00000007abf00000,0x00000007ac300000)
 ParOldGen       total 44032K, used 2561K [0x0000000780000000, 0x0000000782b00000, 0x00000007aab00000)
  object space 44032K, 5% used [0x0000000780000000,0x0000000780280488,0x0000000782b00000)
 Metaspace       used 7470K, capacity 7630K, committed 7808K, reserved 1056768K
  class space    used 737K, capacity 794K, committed 896K, reserved 1048576K
GC Heap History (10 events):
Event: 73.157 GC heap before
{Heap before GC invocations=5 (full 0):
 PSYoungGen      total 18944K, used 18464K [0x00000007aab00000, 0x00000007ac000000, 0x00000007c0000000)
  eden space 16384K, 100% used [0x00000007aab00000,0x00000007abb00000,0x00000007abb00000)
  from space 2560K, 81% used [0x00000007abd80000,0x00000007abf88000,0x00000007ac000000)
  to   space 2560K, 0% used [0x00000007abb00000,0x00000007abb00000,0x00000007abd80000)
 ParOldGen       total 44032K, used 484K [0x0000000780000000, 0x0000000782b00000, 0x00000007aab00000)
  object space 44032K, 1% used [0x0000000780000000,0x00000007800792c8,0x0000000782b00000)
 Metaspace       used 7452K, capacity 7566K, committed 7808K, reserved 1056768K
  class space    used 736K, capacity 794K, committed 896K, reserved 1048576K
Event: 73.167 GC heap after
Heap after GC invocations=5 (full 0):
 PSYoungGen      total 18944K, used 2048K [0x00000007aab00000, 0x00000007ac100000, 0x00000007c0000000)
  eden space 16384K, 0% used [0x00000007aab00000,0x00000007aab00000,0x00000007abb00000)
  from space 2560K, 80% used [0x00000007abb00000,0x00000007abd00000,0x00000007abd80000)
  to   space 3072K, 0% used [0x00000007abe00000,0x00000007abe00000,0x00000007ac100000)
 ParOldGen       total 44032K, used 484K [0x0000000780000000, 0x0000000782b00000, 0x00000007aab00000)
  object space 44032K, 1% used [0x0000000780000000,0x00000007800792c8,0x0000000782b00000)
 Metaspace       used 7452K, capacity 7566K, committed 7808K, reserved 1056768K
  class space    used 736K, capacity 794K, committed 896K, reserved 1048576K
}
Event: 87.147 GC heap before
{Heap before GC invocations=6 (full 0):
 PSYoungGen      total 18944K, used 18432K [0x00000007aab00000, 0x00000007ac100000, 0x00000007c0000000)
  eden space 16384K, 100% used [0x00000007aab00000,0x00000007abb00000,0x00000007abb00000)
  from space 2560K, 80% used [0x00000007abb00000,0x00000007abd00000,0x00000007abd80000)
  to   space 3072K, 0% used [0x00000007abe00000,0x00000007abe00000,0x00000007ac100000)
 ParOldGen       total 44032K, used 484K [0x0000000780000000, 0x0000000782b00000, 0x00000007aab00000)
  object space 44032K, 1% used [0x0000000780000000,0x00000007800792c8,0x0000000782b00000)
 Metaspace       used 7452K, capacity 7566K, committed 7808K, reserved 1056768K
  class space    used 736K, capacity 794K, committed 896K, reserved 1048576K
Event: 87.156 GC heap after
Heap after GC invocations=6 (full 0):
 PSYoungGen      total 19456K, used 2080K [0x00000007aab00000, 0x00000007ac100000, 0x00000007c0000000)
  eden space 16384K, 0% used [0x00000007aab00000,0x00000007aab00000,0x00000007abb00000)
  from space 3072K, 67% used [0x00000007abe00000,0x00000007ac008000,0x00000007ac100000)
  to   space 3072K, 0% used [0x00000007abb00000,0x00000007abb00000,0x00000007abe00000)
 ParOldGen       total 44032K, used 484K [0x0000000780000000, 0x0000000782b00000, 0x00000007aab00000)
  object space 44032K, 1% used [0x0000000780000000,0x00000007800792c8,0x0000000782b00000)
 Metaspace       used 7452K, capacity 7566K, committed 7808K, reserved 1056768K
  class space    used 736K, capacity 794K, committed 896K, reserved 1048576K
}
Event: 101.170 GC heap before
{Heap before GC invocations=7 (full 0):
 PSYoungGen      total 19456K, used 18464K [0x00000007aab00000, 0x00000007ac100000, 0x00000007c0000000)
  eden space 16384K, 100% used [0x00000007aab00000,0x00000007abb00000,0x00000007abb00000)
  from space 3072K, 67% used [0x00000007abe00000,0x00000007ac008000,0x00000007ac100000)
  to   space 3072K, 0% used [0x00000007abb00000,0x00000007abb00000,0x00000007abe00000)
 ParOldGen       total 44032K, used 484K [0x0000000780000000, 0x0000000782b00000, 0x00000007aab00000)
  object space 44032K, 1% used [0x0000000780000000,0x00000007800792c8,0x0000000782b00000)
 Metaspace       used 7452K, capacity 7566K, committed 7808K, reserved 1056768K
  class space    used 736K, capacity 794K, committed 896K, reserved 1048576K
Event: 101.181 GC heap after
Heap after GC invocations=7 (full 0):
 PSYoungGen      total 19456K, used 64K [0x00000007aab00000, 0x00000007ac200000, 0x00000007c0000000)
  eden space 16384K, 0% used [0x00000007aab00000,0x00000007aab00000,0x00000007abb00000)
  from space 3072K, 2% used [0x00000007abb00000,0x00000007abb10000,0x00000007abe00000)
  to   space 3584K, 0% used [0x00000007abe80000,0x00000007abe80000,0x00000007ac200000)
 ParOldGen       total 44032K, used 2537K [0x0000000780000000, 0x0000000782b00000, 0x00000007aab00000)
  object space 44032K, 5% used [0x0000000780000000,0x000000078027a488,0x0000000782b00000)
 Metaspace       used 7452K, capacity 7566K, committed 7808K, reserved 1056768K
  class space    used 736K, capacity 794K, committed 896K, reserved 1048576K
}
Event: 112.005 GC heap before
{Heap before GC invocations=8 (full 0):
 PSYoungGen      total 19456K, used 16448K [0x00000007aab00000, 0x00000007ac200000, 0x00000007c0000000)
  eden space 16384K, 100% used [0x00000007aab00000,0x00000007abb00000,0x00000007abb00000)
  from space 3072K, 2% used [0x00000007abb00000,0x00000007abb10000,0x00000007abe00000)
  to   space 3584K, 0% used [0x00000007abe80000,0x00000007abe80000,0x00000007ac200000)
 ParOldGen       total 44032K, used 2537K [0x0000000780000000, 0x0000000782b00000, 0x00000007aab00000)
  object space 44032K, 5% used [0x0000000780000000,0x000000078027a488,0x0000000782b00000)
 Metaspace       used 7464K, capacity 7630K, committed 7808K, reserved 1056768K
  class space    used 736K, capacity 794K, committed 896K, reserved 1048576K
Event: 112.006 GC heap after
Heap after GC invocations=8 (full 0):
 PSYoungGen      total 19968K, used 32K [0x00000007aab00000, 0x00000007ac200000, 0x00000007c0000000)
  eden space 16384K, 0% used [0x00000007aab00000,0x00000007aab00000,0x00000007abb00000)
  from space 3584K, 0% used [0x00000007abe80000,0x00000007abe88000,0x00000007ac200000)
  to   space 3584K, 0% used [0x00000007abb00000,0x00000007abb00000,0x00000007abe80000)
 ParOldGen       total 44032K, used 2553K [0x0000000780000000, 0x0000000782b00000, 0x00000007aab00000)
  object space 44032K, 5% used [0x0000000780000000,0x000000078027e488,0x0000000782b00000)
 Metaspace       used 7464K, capacity 7630K, committed 7808K, reserved 1056768K
  class space    used 736K, capacity 794K, committed 896K, reserved 1048576K
}
Event: 124.859 GC heap before
{Heap before GC invocations=9 (full 0):
 PSYoungGen      total 19968K, used 16416K [0x00000007aab00000, 0x00000007ac200000, 0x00000007c0000000)
  eden space 16384K, 100% used [0x00000007aab00000,0x00000007abb00000,0x00000007abb00000)
  from space 3584K, 0% used [0x00000007abe80000,0x00000007abe88000,0x00000007ac200000)
  to   space 3584K, 0% used [0x00000007abb00000,0x00000007abb00000,0x00000007abe80000)
 ParOldGen       total 44032K, used 2553K [0x0000000780000000, 0x0000000782b00000, 0x00000007aab00000)
  object space 44032K, 5% used [0x0000000780000000,0x000000078027e488,0x0000000782b00000)
 Metaspace       used 7464K, capacity 7630K, committed 7808K, reserved 1056768K
  class space    used 736K, capacity 794K, committed 896K, reserved 1048576K
Event: 124.860 GC heap after
Heap after GC invocations=9 (full 0):
 PSYoungGen      total 19968K, used 32K [0x00000007aab00000, 0x00000007ac300000, 0x00000007c0000000)
  eden space 16384K, 0% used [0x00000007aab00000,0x00000007aab00000,0x00000007abb00000)
  from space 3584K, 0% used [0x00000007abb00000,0x00000007abb08000,0x00000007abe80000)
  to   space 4096K, 0% used [0x00000007abf00000,0x00000007abf00000,0x00000007ac300000)
 ParOldGen       total 44032K, used 2561K [0x0000000780000000, 0x0000000782b00000, 0x00000007aab00000)
  object space 44032K, 5% used [0x0000000780000000,0x0000000780280488,0x0000000782b00000)
 Metaspace       used 7464K, capacity 7630K, committed 7808K, reserved 1056768K
  class space    used 736K, capacity 794K, committed 896K, reserved 1048576K
}

