# JRE version: Java(TM) SE Runtime Environment (8.0_101-b13) (build 1.8.0_101-b13)
# Java VM: Java HotSpot(TM) 64-Bit Server VM (25.101-b13 mixed mode bsd-amd64 compressed oops)
Heap:
 PSYoungGen      total 18944K, used 8928K [0x00000007aab00000, 0x00000007ac000000, 0x00000007c0000000)
  eden space 16384K, 41% used [0x00000007aab00000,0x00000007ab1a4108,0x00000007abb00000)
  from space 2560K, 83% used [0x00000007abd80000,0x00000007abf94010,0x00000007ac000000)
  to   space 2560K, 0% used [0x00000007abb00000,0x00000007abb00000,0x00000007abd80000)
 ParOldGen       total 44032K, used 422K [0x0000000780000000, 0x0000000782b00000, 0x00000007aab00000)
  object space 44032K, 0% used [0x0000000780000000,0x0000000780069a70,0x0000000782b00000)
 Metaspace       used 7489K, capacity 7650K, committed 7808K, reserved 1056768K
  class space    used 733K, capacity 794K, committed 896K, reserved 1048576K
GC Heap History (8 events):
Event: 7.941 GC heap before
{Heap before GC invocations=1 (full 0):
 PSYoungGen      total 18944K, used 16384K [0x00000007aab00000, 0x00000007ac000000, 0x00000007c0000000)
  eden space 16384K, 100% used [0x00000007aab00000,0x00000007abb00000,0x00000007abb00000)
  from space 2560K, 0% used [0x00000007abd80000,0x00000007abd80000,0x00000007ac000000)
  to   space 2560K, 0% used [0x00000007abb00000,0x00000007abb00000,0x00000007abd80000)
 ParOldGen       total 44032K, used 0K [0x0000000780000000, 0x0000000782b00000, 0x00000007aab00000)
  object space 44032K, 0% used [0x0000000780000000,0x0000000780000000,0x0000000782b00000)
 Metaspace       used 7387K, capacity 7522K, committed 7808K, reserved 1056768K
  class space    used 728K, capacity 794K, committed 896K, reserved 1048576K
Event: 7.956 GC heap after
Heap after GC invocations=1 (full 0):
 PSYoungGen      total 18944K, used 2557K [0x00000007aab00000, 0x00000007ac000000, 0x00000007c0000000)
  eden space 16384K, 0% used [0x00000007aab00000,0x00000007aab00000,0x00000007abb00000)
  from space 2560K, 99% used [0x00000007abb00000,0x00000007abd7f7d8,0x00000007abd80000)
  to   space 2560K, 0% used [0x00000007abd80000,0x00000007abd80000,0x00000007ac000000)
 ParOldGen       total 44032K, used 414K [0x0000000780000000, 0x0000000782b00000, 0x00000007aab00000)
  object space 44032K, 0% used [0x0000000780000000,0x0000000780067a70,0x0000000782b00000)
 Metaspace       used 7387K, capacity 7522K, committed 7808K, reserved 1056768K
  class space    used 728K, capacity 794K, committed 896K, reserved 1048576K
}
Event: 34.591 GC heap before
{Heap before GC invocations=2 (full 0):
 PSYoungGen      total 18944K, used 18941K [0x00000007aab00000, 0x00000007ac000000, 0x00000007c0000000)
  eden space 16384K, 100% used [0x00000007aab00000,0x00000007abb00000,0x00000007abb00000)
  from space 2560K, 99% used [0x00000007abb00000,0x00000007abd7f7d8,0x00000007abd80000)
  to   space 2560K, 0% used [0x00000007abd80000,0x00000007abd80000,0x00000007ac000000)
 ParOldGen       total 44032K, used 414K [0x0000000780000000, 0x0000000782b00000, 0x00000007aab00000)
  object space 44032K, 0% used [0x0000000780000000,0x0000000780067a70,0x0000000782b00000)
 Metaspace       used 7479K, capacity 7586K, committed 7808K, reserved 1056768K
  class space    used 733K, capacity 794K, committed 896K, reserved 1048576K
Event: 34.630 GC heap after
Heap after GC invocations=2 (full 0):
 PSYoungGen      total 18944K, used 2178K [0x00000007aab00000, 0x00000007ac000000, 0x00000007c0000000)
  eden space 16384K, 0% used [0x00000007aab00000,0x00000007aab00000,0x00000007abb00000)
  from space 2560K, 85% used [0x00000007abd80000,0x00000007abfa0900,0x00000007ac000000)
  to   space 2560K, 0% used [0x00000007abb00000,0x00000007abb00000,0x00000007abd80000)
 ParOldGen       total 44032K, used 414K [0x0000000780000000, 0x0000000782b00000, 0x00000007aab00000)
  object space 44032K, 0% used [0x0000000780000000,0x0000000780067a70,0x0000000782b00000)
 Metaspace       used 7479K, capacity 7586K, committed 7808K, reserved 1056768K
  class space    used 733K, capacity 794K, committed 896K, reserved 1048576K
}
Event: 41.914 GC heap before
{Heap before GC invocations=3 (full 0):
 PSYoungGen      total 18944K, used 18562K [0x00000007aab00000, 0x00000007ac000000, 0x00000007c0000000)
  eden space 16384K, 100% used [0x00000007aab00000,0x00000007abb00000,0x00000007abb00000)
  from space 2560K, 85% used [0x00000007abd80000,0x00000007abfa0900,0x00000007ac000000)
  to   space 2560K, 0% used [0x00000007abb00000,0x00000007abb00000,0x00000007abd80000)
 ParOldGen       total 44032K, used 414K [0x0000000780000000, 0x0000000782b00000, 0x00000007aab00000)
  object space 44032K, 0% used [0x0000000780000000,0x0000000780067a70,0x0000000782b00000)
 Metaspace       used 7486K, capacity 7650K, committed 7808K, reserved 1056768K
  class space    used 733K, capacity 794K, committed 896K, reserved 1048576K
Event: 41.947 GC heap after
Heap after GC invocations=3 (full 0):
 PSYoungGen      total 18944K, used 2128K [0x00000007aab00000, 0x00000007ac000000, 0x00000007c0000000)
  eden space 16384K, 0% used [0x00000007aab00000,0x00000007aab00000,0x00000007abb00000)
  from space 2560K, 83% used [0x00000007abb00000,0x00000007abd14010,0x00000007abd80000)
  to   space 2560K, 0% used [0x00000007abd80000,0x00000007abd80000,0x00000007ac000000)
 ParOldGen       total 44032K, used 414K [0x0000000780000000, 0x0000000782b00000, 0x00000007aab00000)
  object space 44032K, 0% used [0x0000000780000000,0x0000000780067a70,0x0000000782b00000)
 Metaspace       used 7486K, capacity 7650K, committed 7808K, reserved 1056768K
  class space    used 733K, capacity 794K, committed 896K, reserved 1048576K
}
Event: 48.140 GC heap before
{Heap before GC invocations=4 (full 0):
 PSYoungGen      total 18944K, used 18512K [0x00000007aab00000, 0x00000007ac000000, 0x00000007c0000000)
  eden space 16384K, 100% used [0x00000007aab00000,0x00000007abb00000,0x00000007abb00000)
  from space 2560K, 83% used [0x00000007abb00000,0x00000007abd14010,0x00000007abd80000)
  to   space 2560K, 0% used [0x00000007abd80000,0x00000007abd80000,0x00000007ac000000)
 ParOldGen       total 44032K, used 414K [0x0000000780000000, 0x0000000782b00000, 0x00000007aab00000)
  object space 44032K, 0% used [0x0000000780000000,0x0000000780067a70,0x0000000782b00000)
 Metaspace       used 7488K, capacity 7650K, committed 7808K, reserved 1056768K
  class space    used 733K, capacity 794K, committed 896K, reserved 1048576K
Event: 48.149 GC heap after
Heap after GC invocations=4 (full 0):
 PSYoungGen      total 18944K, used 2128K [0x00000007aab00000, 0x00000007ac000000, 0x00000007c0000000)
  eden space 16384K, 0% used [0x00000007aab00000,0x00000007aab00000,0x00000007abb00000)
  from space 2560K, 83% used [0x00000007abd80000,0x00000007abf94010,0x00000007ac000000)
  to   space 2560K, 0% used [0x00000007abb00000,0x00000007abb00000,0x00000007abd80000)
 ParOldGen       total 44032K, used 422K [0x0000000780000000, 0x0000000782b00000, 0x00000007aab00000)
  object space 44032K, 0% used [0x0000000780000000,0x0000000780069a70,0x0000000782b00000)
 Metaspace       used 7488K, capacity 7650K, committed 7808K, reserved 1056768K
  class space    used 733K, capacity 794K, committed 896K, reserved 1048576K
}

