# JRE version: Java(TM) SE Runtime Environment (8.0_101-b13) (build 1.8.0_101-b13)
# Java VM: Java HotSpot(TM) 64-Bit Server VM (25.101-b13 mixed mode bsd-amd64 compressed oops)
Heap:
 PSYoungGen      total 18944K, used 4483K [0x00000007aab00000, 0x00000007ac000000, 0x00000007c0000000)
  eden space 16384K, 14% used [0x00000007aab00000,0x00000007aad50f10,0x00000007abb00000)
  from space 2560K, 82% used [0x00000007abb00000,0x00000007abd10000,0x00000007abd80000)
  to   space 2560K, 0% used [0x00000007abd80000,0x00000007abd80000,0x00000007ac000000)
 ParOldGen       total 44032K, used 463K [0x0000000780000000, 0x0000000782b00000, 0x00000007aab00000)
  object space 44032K, 1% used [0x0000000780000000,0x0000000780073e30,0x0000000782b00000)
 Metaspace       used 7570K, capacity 7702K, committed 7808K, reserved 1056768K
  class space    used 745K, capacity 794K, committed 896K, reserved 1048576K
GC Heap History (6 events):
Event: 4.449 GC heap before
{Heap before GC invocations=1 (full 0):
 PSYoungGen      total 18944K, used 16384K [0x00000007aab00000, 0x00000007ac000000, 0x00000007c0000000)
  eden space 16384K, 100% used [0x00000007aab00000,0x00000007abb00000,0x00000007abb00000)
  from space 2560K, 0% used [0x00000007abd80000,0x00000007abd80000,0x00000007ac000000)
  to   space 2560K, 0% used [0x00000007abb00000,0x00000007abb00000,0x00000007abd80000)
 ParOldGen       total 44032K, used 0K [0x0000000780000000, 0x0000000782b00000, 0x00000007aab00000)
  object space 44032K, 0% used [0x0000000780000000,0x0000000780000000,0x0000000782b00000)
 Metaspace       used 7286K, capacity 7446K, committed 7552K, reserved 1056768K
  class space    used 735K, capacity 794K, committed 896K, reserved 1048576K
Event: 4.459 GC heap after
Heap after GC invocations=1 (full 0):
 PSYoungGen      total 18944K, used 2528K [0x00000007aab00000, 0x00000007ac000000, 0x00000007c0000000)
  eden space 16384K, 0% used [0x00000007aab00000,0x00000007aab00000,0x00000007abb00000)
  from space 2560K, 98% used [0x00000007abb00000,0x00000007abd780d8,0x00000007abd80000)
  to   space 2560K, 0% used [0x00000007abd80000,0x00000007abd80000,0x00000007ac000000)
 ParOldGen       total 44032K, used 447K [0x0000000780000000, 0x0000000782b00000, 0x00000007aab00000)
  object space 44032K, 1% used [0x0000000780000000,0x000000078006fe30,0x0000000782b00000)
 Metaspace       used 7286K, capacity 7446K, committed 7552K, reserved 1056768K
  class space    used 735K, capacity 794K, committed 896K, reserved 1048576K
}
Event: 22.065 GC heap before
{Heap before GC invocations=2 (full 0):
 PSYoungGen      total 18944K, used 18912K [0x00000007aab00000, 0x00000007ac000000, 0x00000007c0000000)
  eden space 16384K, 100% used [0x00000007aab00000,0x00000007abb00000,0x00000007abb00000)
  from space 2560K, 98% used [0x00000007abb00000,0x00000007abd780d8,0x00000007abd80000)
  to   space 2560K, 0% used [0x00000007abd80000,0x00000007abd80000,0x00000007ac000000)
 ParOldGen       total 44032K, used 447K [0x0000000780000000, 0x0000000782b00000, 0x00000007aab00000)
  object space 44032K, 1% used [0x0000000780000000,0x000000078006fe30,0x0000000782b00000)
 Metaspace       used 7525K, capacity 7638K, committed 7808K, reserved 1056768K
  class space    used 744K, capacity 794K, committed 896K, reserved 1048576K
Event: 22.073 GC heap after
Heap after GC invocations=2 (full 0):
 PSYoungGen      total 18944K, used 2178K [0x00000007aab00000, 0x00000007ac000000, 0x00000007c0000000)
  eden space 16384K, 0% used [0x00000007aab00000,0x00000007aab00000,0x00000007abb00000)
  from space 2560K, 85% used [0x00000007abd80000,0x00000007abfa0900,0x00000007ac000000)
  to   space 2560K, 0% used [0x00000007abb00000,0x00000007abb00000,0x00000007abd80000)
 ParOldGen       total 44032K, used 455K [0x0000000780000000, 0x0000000782b00000, 0x00000007aab00000)
  object space 44032K, 1% used [0x0000000780000000,0x0000000780071e30,0x0000000782b00000)
 Metaspace       used 7525K, capacity 7638K, committed 7808K, reserved 1056768K
  class space    used 744K, capacity 794K, committed 896K, reserved 1048576K
}
Event: 40.148 GC heap before
{Heap before GC invocations=3 (full 0):
 PSYoungGen      total 18944K, used 18562K [0x00000007aab00000, 0x00000007ac000000, 0x00000007c0000000)
  eden space 16384K, 100% used [0x00000007aab00000,0x00000007abb00000,0x00000007abb00000)
  from space 2560K, 85% used [0x00000007abd80000,0x00000007abfa0900,0x00000007ac000000)
  to   space 2560K, 0% used [0x00000007abb00000,0x00000007abb00000,0x00000007abd80000)
 ParOldGen       total 44032K, used 455K [0x0000000780000000, 0x0000000782b00000, 0x00000007aab00000)
  object space 44032K, 1% used [0x0000000780000000,0x0000000780071e30,0x0000000782b00000)
 Metaspace       used 7552K, capacity 7702K, committed 7808K, reserved 1056768K
  class space    used 744K, capacity 794K, committed 896K, reserved 1048576K
Event: 40.157 GC heap after
Heap after GC invocations=3 (full 0):
 PSYoungGen      total 18944K, used 2112K [0x00000007aab00000, 0x00000007ac000000, 0x00000007c0000000)
  eden space 16384K, 0% used [0x00000007aab00000,0x00000007aab00000,0x00000007abb00000)
  from space 2560K, 82% used [0x00000007abb00000,0x00000007abd10000,0x00000007abd80000)
  to   space 2560K, 0% used [0x00000007abd80000,0x00000007abd80000,0x00000007ac000000)
 ParOldGen       total 44032K, used 463K [0x0000000780000000, 0x0000000782b00000, 0x00000007aab00000)
  object space 44032K, 1% used [0x0000000780000000,0x0000000780073e30,0x0000000782b00000)
 Metaspace       used 7552K, capacity 7702K, committed 7808K, reserved 1056768K
  class space    used 744K, capacity 794K, committed 896K, reserved 1048576K
}

