# JRE version: Java(TM) SE Runtime Environment (8.0_101-b13) (build 1.8.0_101-b13)
# Java VM: Java HotSpot(TM) 64-Bit Server VM (25.101-b13 mixed mode bsd-amd64 compressed oops)
Heap:
 PSYoungGen      total 18432K, used 7228K [0x00000007aab00000, 0x00000007abf00000, 0x00000007c0000000)
  eden space 16384K, 43% used [0x00000007aab00000,0x00000007ab207128,0x00000007abb00000)
  from space 2048K, 1% used [0x00000007abb00000,0x00000007abb08000,0x00000007abd00000)
  to   space 2048K, 0% used [0x00000007abd00000,0x00000007abd00000,0x00000007abf00000)
 ParOldGen       total 44032K, used 2959K [0x0000000780000000, 0x0000000782b00000, 0x00000007aab00000)
  object space 44032K, 6% used [0x0000000780000000,0x00000007802e3fe0,0x0000000782b00000)
 Metaspace       used 7378K, capacity 7586K, committed 7808K, reserved 1056768K
  class space    used 725K, capacity 794K, committed 896K, reserved 1048576K
GC Heap History (10 events):
Event: 29.473 GC heap before
{Heap before GC invocations=23 (full 0):
 PSYoungGen      total 18432K, used 16416K [0x00000007aab00000, 0x00000007ac000000, 0x00000007c0000000)
  eden space 16384K, 100% used [0x00000007aab00000,0x00000007abb00000,0x00000007abb00000)
  from space 2048K, 1% used [0x00000007abe00000,0x00000007abe08000,0x00000007ac000000)
  to   space 2560K, 0% used [0x00000007abb00000,0x00000007abb00000,0x00000007abd80000)
 ParOldGen       total 44032K, used 2927K [0x0000000780000000, 0x0000000782b00000, 0x00000007aab00000)
  object space 44032K, 6% used [0x0000000780000000,0x00000007802dbfe0,0x0000000782b00000)
 Metaspace       used 7371K, capacity 7522K, committed 7808K, reserved 1056768K
  class space    used 725K, capacity 794K, committed 896K, reserved 1048576K
Event: 29.474 GC heap after
Heap after GC invocations=23 (full 0):
 PSYoungGen      total 18944K, used 64K [0x00000007aab00000, 0x00000007ac000000, 0x00000007c0000000)
  eden space 16384K, 0% used [0x00000007aab00000,0x00000007aab00000,0x00000007abb00000)
  from space 2560K, 2% used [0x00000007abb00000,0x00000007abb10000,0x00000007abd80000)
  to   space 2560K, 0% used [0x00000007abd80000,0x00000007abd80000,0x00000007ac000000)
 ParOldGen       total 44032K, used 2927K [0x0000000780000000, 0x0000000782b00000, 0x00000007aab00000)
  object space 44032K, 6% used [0x0000000780000000,0x00000007802dbfe0,0x0000000782b00000)
 Metaspace       used 7371K, capacity 7522K, committed 7808K, reserved 1056768K
  class space    used 725K, capacity 794K, committed 896K, reserved 1048576K
}
Event: 30.360 GC heap before
{Heap before GC invocations=24 (full 0):
 PSYoungGen      total 18944K, used 16448K [0x00000007aab00000, 0x00000007ac000000, 0x00000007c0000000)
  eden space 16384K, 100% used [0x00000007aab00000,0x00000007abb00000,0x00000007abb00000)
  from space 2560K, 2% used [0x00000007abb00000,0x00000007abb10000,0x00000007abd80000)
  to   space 2560K, 0% used [0x00000007abd80000,0x00000007abd80000,0x00000007ac000000)
 ParOldGen       total 44032K, used 2927K [0x0000000780000000, 0x0000000782b00000, 0x00000007aab00000)
  object space 44032K, 6% used [0x0000000780000000,0x00000007802dbfe0,0x0000000782b00000)
 Metaspace       used 7372K, capacity 7522K, committed 7808K, reserved 1056768K
  class space    used 725K, capacity 794K, committed 896K, reserved 1048576K
Event: 30.360 GC heap after
Heap after GC invocations=24 (full 0):
 PSYoungGen      total 18944K, used 32K [0x00000007aab00000, 0x00000007ac000000, 0x00000007c0000000)
  eden space 16384K, 0% used [0x00000007aab00000,0x00000007aab00000,0x00000007abb00000)
  from space 2560K, 1% used [0x00000007abd80000,0x00000007abd88000,0x00000007ac000000)
  to   space 2560K, 0% used [0x00000007abb00000,0x00000007abb00000,0x00000007abd80000)
 ParOldGen       total 44032K, used 2935K [0x0000000780000000, 0x0000000782b00000, 0x00000007aab00000)
  object space 44032K, 6% used [0x0000000780000000,0x00000007802ddfe0,0x0000000782b00000)
 Metaspace       used 7372K, capacity 7522K, committed 7808K, reserved 1056768K
  class space    used 725K, capacity 794K, committed 896K, reserved 1048576K
}
Event: 31.461 GC heap before
{Heap before GC invocations=25 (full 0):
 PSYoungGen      total 18944K, used 16416K [0x00000007aab00000, 0x00000007ac000000, 0x00000007c0000000)
  eden space 16384K, 100% used [0x00000007aab00000,0x00000007abb00000,0x00000007abb00000)
  from space 2560K, 1% used [0x00000007abd80000,0x00000007abd88000,0x00000007ac000000)
  to   space 2560K, 0% used [0x00000007abb00000,0x00000007abb00000,0x00000007abd80000)
 ParOldGen       total 44032K, used 2935K [0x0000000780000000, 0x0000000782b00000, 0x00000007aab00000)
  object space 44032K, 6% used [0x0000000780000000,0x00000007802ddfe0,0x0000000782b00000)
 Metaspace       used 7377K, capacity 7586K, committed 7808K, reserved 1056768K
  class space    used 725K, capacity 794K, committed 896K, reserved 1048576K
Event: 31.462 GC heap after
Heap after GC invocations=25 (full 0):
 PSYoungGen      total 18944K, used 32K [0x00000007aab00000, 0x00000007ac000000, 0x00000007c0000000)
  eden space 16384K, 0% used [0x00000007aab00000,0x00000007aab00000,0x00000007abb00000)
  from space 2560K, 1% used [0x00000007abb00000,0x00000007abb08000,0x00000007abd80000)
  to   space 2560K, 0% used [0x00000007abd80000,0x00000007abd80000,0x00000007ac000000)
 ParOldGen       total 44032K, used 2943K [0x0000000780000000, 0x0000000782b00000, 0x00000007aab00000)
  object space 44032K, 6% used [0x0000000780000000,0x00000007802dffe0,0x0000000782b00000)
 Metaspace       used 7377K, capacity 7586K, committed 7808K, reserved 1056768K
  class space    used 725K, capacity 794K, committed 896K, reserved 1048576K
}
Event: 32.394 GC heap before
{Heap before GC invocations=26 (full 0):
 PSYoungGen      total 18944K, used 16416K [0x00000007aab00000, 0x00000007ac000000, 0x00000007c0000000)
  eden space 16384K, 100% used [0x00000007aab00000,0x00000007abb00000,0x00000007abb00000)
  from space 2560K, 1% used [0x00000007abb00000,0x00000007abb08000,0x00000007abd80000)
  to   space 2560K, 0% used [0x00000007abd80000,0x00000007abd80000,0x00000007ac000000)
 ParOldGen       total 44032K, used 2943K [0x0000000780000000, 0x0000000782b00000, 0x00000007aab00000)
  object space 44032K, 6% used [0x0000000780000000,0x00000007802dffe0,0x0000000782b00000)
 Metaspace       used 7377K, capacity 7586K, committed 7808K, reserved 1056768K
  class space    used 725K, capacity 794K, committed 896K, reserved 1048576K
Event: 32.395 GC heap after
Heap after GC invocations=26 (full 0):
 PSYoungGen      total 17920K, used 32K [0x00000007aab00000, 0x00000007abf00000, 0x00000007c0000000)
  eden space 16384K, 0% used [0x00000007aab00000,0x00000007aab00000,0x00000007abb00000)
  from space 1536K, 2% used [0x00000007abd80000,0x00000007abd88000,0x00000007abf00000)
  to   space 2048K, 0% used [0x00000007abb00000,0x00000007abb00000,0x00000007abd00000)
 ParOldGen       total 44032K, used 2951K [0x0000000780000000, 0x0000000782b00000, 0x00000007aab00000)
  object space 44032K, 6% used [0x0000000780000000,0x00000007802e1fe0,0x0000000782b00000)
 Metaspace       used 7377K, capacity 7586K, committed 7808K, reserved 1056768K
  class space    used 725K, capacity 794K, committed 896K, reserved 1048576K
}
Event: 33.228 GC heap before
{Heap before GC invocations=27 (full 0):
 PSYoungGen      total 17920K, used 16416K [0x00000007aab00000, 0x00000007abf00000, 0x00000007c0000000)
  eden space 16384K, 100% used [0x00000007aab00000,0x00000007abb00000,0x00000007abb00000)
  from space 1536K, 2% used [0x00000007abd80000,0x00000007abd88000,0x00000007abf00000)
  to   space 2048K, 0% used [0x00000007abb00000,0x00000007abb00000,0x00000007abd00000)
 ParOldGen       total 44032K, used 2951K [0x0000000780000000, 0x0000000782b00000, 0x00000007aab00000)
  object space 44032K, 6% used [0x0000000780000000,0x00000007802e1fe0,0x0000000782b00000)
 Metaspace       used 7377K, capacity 7586K, committed 7808K, reserved 1056768K
  class space    used 725K, capacity 794K, committed 896K, reserved 1048576K
Event: 33.229 GC heap after
Heap after GC invocations=27 (full 0):
 PSYoungGen      total 18432K, used 32K [0x00000007aab00000, 0x00000007abf00000, 0x00000007c0000000)
  eden space 16384K, 0% used [0x00000007aab00000,0x00000007aab00000,0x00000007abb00000)
  from space 2048K, 1% used [0x00000007abb00000,0x00000007abb08000,0x00000007abd00000)
  to   space 2048K, 0% used [0x00000007abd00000,0x00000007abd00000,0x00000007abf00000)
 ParOldGen       total 44032K, used 2959K [0x0000000780000000, 0x0000000782b00000, 0x00000007aab00000)
  object space 44032K, 6% used [0x0000000780000000,0x00000007802e3fe0,0x0000000782b00000)
 Metaspace       used 7377K, capacity 7586K, committed 7808K, reserved 1056768K
  class space    used 725K, capacity 794K, committed 896K, reserved 1048576K
}

